{"/Users/kadusouza/Desenv/bootcamp/11/GoBarber/mobile/src/components/Button/index.tsx": {"path":"/Users/kadusouza/Desenv/bootcamp/11/GoBarber/mobile/src/components/Button/index.tsx","statementMap":{"0":{"start":{"line":10,"column":38},"end":{"line":14,"column":1}},"1":{"start":{"line":11,"column":2},"end":{"line":13,"column":14}}},"fnMap":{"0":{"name":"(anonymous_0)","decl":{"start":{"line":10,"column":38},"end":{"line":10,"column":39}},"loc":{"start":{"line":11,"column":2},"end":{"line":13,"column":14}},"line":11}},"branchMap":{},"s":{"0":1,"1":1},"f":{"0":1},"b":{},"_coverageSchema":"43e27e138ebf9cfc5966b082cf9a028302ed4184","hash":"aa8fe1496ff66b9090294cea538517b23427d13f"}
,"/Users/kadusouza/Desenv/bootcamp/11/GoBarber/mobile/src/components/Input/index.tsx": {"path":"/Users/kadusouza/Desenv/bootcamp/11/GoBarber/mobile/src/components/Input/index.tsx","statementMap":{"0":{"start":{"line":28,"column":66},"end":{"line":94,"column":1}},"1":{"start":{"line":32,"column":26},"end":{"line":32,"column":43}},"2":{"start":{"line":34,"column":65},"end":{"line":34,"column":79}},"3":{"start":{"line":35,"column":24},"end":{"line":35,"column":76}},"4":{"start":{"line":37,"column":36},"end":{"line":37,"column":51}},"5":{"start":{"line":38,"column":34},"end":{"line":38,"column":49}},"6":{"start":{"line":40,"column":27},"end":{"line":42,"column":8}},"7":{"start":{"line":41,"column":4},"end":{"line":41,"column":23}},"8":{"start":{"line":44,"column":26},"end":{"line":48,"column":8}},"9":{"start":{"line":45,"column":4},"end":{"line":45,"column":24}},"10":{"start":{"line":47,"column":4},"end":{"line":47,"column":47}},"11":{"start":{"line":50,"column":2},"end":{"line":54,"column":6}},"12":{"start":{"line":50,"column":34},"end":{"line":54,"column":3}},"13":{"start":{"line":52,"column":6},"end":{"line":52,"column":38}},"14":{"start":{"line":56,"column":2},"end":{"line":70,"column":33}},"15":{"start":{"line":57,"column":4},"end":{"line":69,"column":7}},"16":{"start":{"line":72,"column":2},"end":{"line":93,"column":4}},"17":{"start":{"line":88,"column":10},"end":{"line":88,"column":46}}},"fnMap":{"0":{"name":"(anonymous_0)","decl":{"start":{"line":28,"column":66},"end":{"line":28,"column":67}},"loc":{"start":{"line":31,"column":5},"end":{"line":94,"column":1}},"line":31},"1":{"name":"(anonymous_1)","decl":{"start":{"line":40,"column":39},"end":{"line":40,"column":40}},"loc":{"start":{"line":40,"column":45},"end":{"line":42,"column":3}},"line":40},"2":{"name":"(anonymous_2)","decl":{"start":{"line":44,"column":38},"end":{"line":44,"column":39}},"loc":{"start":{"line":44,"column":44},"end":{"line":48,"column":3}},"line":44},"3":{"name":"(anonymous_3)","decl":{"start":{"line":50,"column":27},"end":{"line":50,"column":28}},"loc":{"start":{"line":50,"column":34},"end":{"line":54,"column":3}},"line":50},"4":{"name":"(anonymous_4)","decl":{"start":{"line":51,"column":4},"end":{"line":51,"column":5}},"loc":{"start":{"line":51,"column":12},"end":{"line":53,"column":5}},"line":51},"5":{"name":"(anonymous_5)","decl":{"start":{"line":56,"column":12},"end":{"line":56,"column":13}},"loc":{"start":{"line":56,"column":18},"end":{"line":70,"column":3}},"line":56},"6":{"name":"(anonymous_6)","decl":{"start":{"line":87,"column":22},"end":{"line":87,"column":23}},"loc":{"start":{"line":87,"column":33},"end":{"line":89,"column":9}},"line":87}},"branchMap":{"0":{"loc":{"start":{"line":29,"column":16},"end":{"line":29,"column":35}},"type":"default-arg","locations":[{"start":{"line":29,"column":33},"end":{"line":29,"column":35}}],"line":29},"1":{"loc":{"start":{"line":34,"column":25},"end":{"line":34,"column":42}},"type":"default-arg","locations":[{"start":{"line":34,"column":40},"end":{"line":34,"column":42}}],"line":34},"2":{"loc":{"start":{"line":77,"column":15},"end":{"line":77,"column":60}},"type":"cond-expr","locations":[{"start":{"line":77,"column":39},"end":{"line":77,"column":48}},{"start":{"line":77,"column":51},"end":{"line":77,"column":60}}],"line":77},"3":{"loc":{"start":{"line":77,"column":15},"end":{"line":77,"column":36}},"type":"binary-expr","locations":[{"start":{"line":77,"column":15},"end":{"line":77,"column":24}},{"start":{"line":77,"column":28},"end":{"line":77,"column":36}}],"line":77}},"s":{"0":1,"1":2,"2":2,"3":2,"4":2,"5":2,"6":2,"7":0,"8":2,"9":0,"10":0,"11":2,"12":1,"13":0,"14":2,"15":2,"16":2,"17":0},"f":{"0":2,"1":0,"2":0,"3":1,"4":0,"5":2,"6":0},"b":{"0":[2],"1":[2],"2":[0,2],"3":[2,2]},"_coverageSchema":"43e27e138ebf9cfc5966b082cf9a028302ed4184","hash":"b4fb9e6821f8944452c47f1fd918a2b6f6f7311c"}
,"/Users/kadusouza/Desenv/bootcamp/11/GoBarber/mobile/src/hooks/auth.tsx": {"path":"/Users/kadusouza/Desenv/bootcamp/11/GoBarber/mobile/src/hooks/auth.tsx","statementMap":{"0":{"start":{"line":36,"column":20},"end":{"line":36,"column":73}},"1":{"start":{"line":38,"column":31},"end":{"line":106,"column":1}},"2":{"start":{"line":39,"column":26},"end":{"line":39,"column":62}},"3":{"start":{"line":40,"column":32},"end":{"line":40,"column":46}},"4":{"start":{"line":42,"column":2},"end":{"line":61,"column":9}},"5":{"start":{"line":44,"column":28},"end":{"line":47,"column":8}},"6":{"start":{"line":48,"column":6},"end":{"line":55,"column":7}},"7":{"start":{"line":49,"column":8},"end":{"line":49,"column":66}},"8":{"start":{"line":51,"column":8},"end":{"line":54,"column":11}},"9":{"start":{"line":57,"column":6},"end":{"line":57,"column":24}},"10":{"start":{"line":60,"column":4},"end":{"line":60,"column":22}},"11":{"start":{"line":63,"column":17},"end":{"line":79,"column":8}},"12":{"start":{"line":64,"column":21},"end":{"line":67,"column":6}},"13":{"start":{"line":69,"column":28},"end":{"line":69,"column":41}},"14":{"start":{"line":71,"column":4},"end":{"line":74,"column":7}},"15":{"start":{"line":76,"column":4},"end":{"line":76,"column":59}},"16":{"start":{"line":78,"column":4},"end":{"line":78,"column":29}},"17":{"start":{"line":81,"column":18},"end":{"line":85,"column":8}},"18":{"start":{"line":82,"column":4},"end":{"line":82,"column":74}},"19":{"start":{"line":84,"column":4},"end":{"line":84,"column":29}},"20":{"start":{"line":87,"column":21},"end":{"line":97,"column":3}},"21":{"start":{"line":89,"column":6},"end":{"line":89,"column":73}},"22":{"start":{"line":91,"column":6},"end":{"line":94,"column":9}},"23":{"start":{"line":99,"column":2},"end":{"line":105,"column":4}},"24":{"start":{"line":109,"column":18},"end":{"line":109,"column":41}},"25":{"start":{"line":111,"column":2},"end":{"line":113,"column":3}},"26":{"start":{"line":112,"column":4},"end":{"line":112,"column":67}},"27":{"start":{"line":115,"column":2},"end":{"line":115,"column":17}}},"fnMap":{"0":{"name":"(anonymous_0)","decl":{"start":{"line":38,"column":31},"end":{"line":38,"column":32}},"loc":{"start":{"line":38,"column":49},"end":{"line":106,"column":1}},"line":38},"1":{"name":"(anonymous_1)","decl":{"start":{"line":42,"column":12},"end":{"line":42,"column":13}},"loc":{"start":{"line":42,"column":18},"end":{"line":61,"column":3}},"line":42},"2":{"name":"loadStorageData","decl":{"start":{"line":43,"column":19},"end":{"line":43,"column":34}},"loc":{"start":{"line":43,"column":52},"end":{"line":58,"column":5}},"line":43},"3":{"name":"(anonymous_3)","decl":{"start":{"line":63,"column":29},"end":{"line":63,"column":30}},"loc":{"start":{"line":63,"column":60},"end":{"line":79,"column":3}},"line":63},"4":{"name":"(anonymous_4)","decl":{"start":{"line":81,"column":30},"end":{"line":81,"column":31}},"loc":{"start":{"line":81,"column":42},"end":{"line":85,"column":3}},"line":81},"5":{"name":"(anonymous_5)","decl":{"start":{"line":88,"column":4},"end":{"line":88,"column":5}},"loc":{"start":{"line":88,"column":26},"end":{"line":95,"column":5}},"line":88},"6":{"name":"useAuth","decl":{"start":{"line":108,"column":9},"end":{"line":108,"column":16}},"loc":{"start":{"line":108,"column":36},"end":{"line":116,"column":1}},"line":108}},"branchMap":{"0":{"loc":{"start":{"line":48,"column":6},"end":{"line":55,"column":7}},"type":"if","locations":[{"start":{"line":48,"column":6},"end":{"line":55,"column":7}},{"start":{"line":48,"column":6},"end":{"line":55,"column":7}}],"line":48},"1":{"loc":{"start":{"line":48,"column":10},"end":{"line":48,"column":29}},"type":"binary-expr","locations":[{"start":{"line":48,"column":10},"end":{"line":48,"column":18}},{"start":{"line":48,"column":22},"end":{"line":48,"column":29}}],"line":48},"2":{"loc":{"start":{"line":111,"column":2},"end":{"line":113,"column":3}},"type":"if","locations":[{"start":{"line":111,"column":2},"end":{"line":113,"column":3}},{"start":{"line":111,"column":2},"end":{"line":113,"column":3}}],"line":111}},"s":{"0":1,"1":1,"2":0,"3":0,"4":0,"5":0,"6":0,"7":0,"8":0,"9":0,"10":0,"11":0,"12":0,"13":0,"14":0,"15":0,"16":0,"17":0,"18":0,"19":0,"20":0,"21":0,"22":0,"23":0,"24":1,"25":1,"26":0,"27":1},"f":{"0":0,"1":0,"2":0,"3":0,"4":0,"5":0,"6":1},"b":{"0":[0,0],"1":[0,0],"2":[0,1]},"_coverageSchema":"43e27e138ebf9cfc5966b082cf9a028302ed4184","hash":"64cb2952d381bc5658cd4001a1732d0e52c79609"}
,"/Users/kadusouza/Desenv/bootcamp/11/GoBarber/mobile/src/pages/AppointmentCreated/index.tsx": {"path":"/Users/kadusouza/Desenv/bootcamp/11/GoBarber/mobile/src/pages/AppointmentCreated/index.tsx","statementMap":{"0":{"start":{"line":19,"column":37},"end":{"line":56,"column":1}},"1":{"start":{"line":20,"column":20},"end":{"line":20,"column":35}},"2":{"start":{"line":21,"column":21},"end":{"line":21,"column":31}},"3":{"start":{"line":23,"column":22},"end":{"line":23,"column":43}},"4":{"start":{"line":25,"column":26},"end":{"line":34,"column":13}},"5":{"start":{"line":26,"column":4},"end":{"line":33,"column":7}},"6":{"start":{"line":36,"column":24},"end":{"line":42,"column":24}},"7":{"start":{"line":37,"column":4},"end":{"line":41,"column":6}},"8":{"start":{"line":44,"column":2},"end":{"line":55,"column":4}}},"fnMap":{"0":{"name":"(anonymous_0)","decl":{"start":{"line":19,"column":37},"end":{"line":19,"column":38}},"loc":{"start":{"line":19,"column":43},"end":{"line":56,"column":1}},"line":19},"1":{"name":"(anonymous_1)","decl":{"start":{"line":25,"column":38},"end":{"line":25,"column":39}},"loc":{"start":{"line":25,"column":44},"end":{"line":34,"column":3}},"line":25},"2":{"name":"(anonymous_2)","decl":{"start":{"line":36,"column":32},"end":{"line":36,"column":33}},"loc":{"start":{"line":36,"column":38},"end":{"line":42,"column":3}},"line":36}},"branchMap":{},"s":{"0":0,"1":0,"2":0,"3":0,"4":0,"5":0,"6":0,"7":0,"8":0},"f":{"0":0,"1":0,"2":0},"b":{},"hash":"2ed78766bbc0202b5cd36a2bac70cda53b2dc541"}
,"/Users/kadusouza/Desenv/bootcamp/11/GoBarber/mobile/src/pages/CreateAppointment/index.tsx": {"path":"/Users/kadusouza/Desenv/bootcamp/11/GoBarber/mobile/src/pages/CreateAppointment/index.tsx","statementMap":{"0":{"start":{"line":51,"column":36},"end":{"line":263,"column":1}},"1":{"start":{"line":52,"column":19},"end":{"line":52,"column":28}},"2":{"start":{"line":53,"column":16},"end":{"line":53,"column":26}},"3":{"start":{"line":54,"column":31},"end":{"line":54,"column":46}},"4":{"start":{"line":56,"column":22},"end":{"line":56,"column":49}},"5":{"start":{"line":58,"column":42},"end":{"line":58,"column":74}},"6":{"start":{"line":59,"column":46},"end":{"line":59,"column":61}},"7":{"start":{"line":60,"column":42},"end":{"line":60,"column":62}},"8":{"start":{"line":61,"column":42},"end":{"line":61,"column":53}},"9":{"start":{"line":62,"column":36},"end":{"line":62,"column":60}},"10":{"start":{"line":63,"column":50},"end":{"line":65,"column":3}},"11":{"start":{"line":67,"column":2},"end":{"line":71,"column":9}},"12":{"start":{"line":68,"column":4},"end":{"line":70,"column":7}},"13":{"start":{"line":69,"column":6},"end":{"line":69,"column":34}},"14":{"start":{"line":73,"column":2},"end":{"line":85,"column":39}},"15":{"start":{"line":74,"column":4},"end":{"line":84,"column":9}},"16":{"start":{"line":83,"column":8},"end":{"line":83,"column":39}},"17":{"start":{"line":87,"column":23},"end":{"line":89,"column":14}},"18":{"start":{"line":88,"column":4},"end":{"line":88,"column":13}},"19":{"start":{"line":91,"column":31},"end":{"line":93,"column":8}},"20":{"start":{"line":92,"column":4},"end":{"line":92,"column":36}},"21":{"start":{"line":95,"column":33},"end":{"line":97,"column":8}},"22":{"start":{"line":96,"column":4},"end":{"line":96,"column":41}},"23":{"start":{"line":96,"column":33},"end":{"line":96,"column":39}},"24":{"start":{"line":99,"column":27},"end":{"line":107,"column":8}},"25":{"start":{"line":100,"column":4},"end":{"line":102,"column":5}},"26":{"start":{"line":101,"column":6},"end":{"line":101,"column":31}},"27":{"start":{"line":104,"column":4},"end":{"line":106,"column":5}},"28":{"start":{"line":105,"column":6},"end":{"line":105,"column":28}},"29":{"start":{"line":109,"column":27},"end":{"line":111,"column":8}},"30":{"start":{"line":110,"column":4},"end":{"line":110,"column":26}},"31":{"start":{"line":113,"column":34},"end":{"line":132,"column":62}},"32":{"start":{"line":114,"column":4},"end":{"line":131,"column":5}},"33":{"start":{"line":115,"column":19},"end":{"line":115,"column":41}},"34":{"start":{"line":117,"column":6},"end":{"line":117,"column":34}},"35":{"start":{"line":118,"column":6},"end":{"line":118,"column":25}},"36":{"start":{"line":120,"column":6},"end":{"line":123,"column":9}},"37":{"start":{"line":125,"column":6},"end":{"line":125,"column":63}},"38":{"start":{"line":127,"column":6},"end":{"line":130,"column":8}},"39":{"start":{"line":134,"column":30},"end":{"line":144,"column":20}},"40":{"start":{"line":135,"column":4},"end":{"line":143,"column":9}},"41":{"start":{"line":136,"column":28},"end":{"line":136,"column":37}},"42":{"start":{"line":138,"column":8},"end":{"line":142,"column":10}},"43":{"start":{"line":146,"column":32},"end":{"line":156,"column":20}},"44":{"start":{"line":147,"column":4},"end":{"line":155,"column":9}},"45":{"start":{"line":148,"column":28},"end":{"line":148,"column":38}},"46":{"start":{"line":150,"column":8},"end":{"line":154,"column":10}},"47":{"start":{"line":158,"column":2},"end":{"line":262,"column":4}},"48":{"start":{"line":176,"column":40},"end":{"line":176,"column":51}},"49":{"start":{"line":178,"column":14},"end":{"line":186,"column":34}},"50":{"start":{"line":179,"column":31},"end":{"line":179,"column":64}},"51":{"start":{"line":219,"column":16},"end":{"line":229,"column":23}},"52":{"start":{"line":224,"column":33},"end":{"line":224,"column":55}},"53":{"start":{"line":240,"column":18},"end":{"line":250,"column":25}},"54":{"start":{"line":245,"column":35},"end":{"line":245,"column":57}}},"fnMap":{"0":{"name":"(anonymous_0)","decl":{"start":{"line":51,"column":36},"end":{"line":51,"column":37}},"loc":{"start":{"line":51,"column":42},"end":{"line":263,"column":1}},"line":51},"1":{"name":"(anonymous_1)","decl":{"start":{"line":67,"column":12},"end":{"line":67,"column":13}},"loc":{"start":{"line":67,"column":18},"end":{"line":71,"column":3}},"line":67},"2":{"name":"(anonymous_2)","decl":{"start":{"line":68,"column":30},"end":{"line":68,"column":31}},"loc":{"start":{"line":68,"column":44},"end":{"line":70,"column":5}},"line":68},"3":{"name":"(anonymous_3)","decl":{"start":{"line":73,"column":12},"end":{"line":73,"column":13}},"loc":{"start":{"line":73,"column":18},"end":{"line":85,"column":3}},"line":73},"4":{"name":"(anonymous_4)","decl":{"start":{"line":82,"column":12},"end":{"line":82,"column":13}},"loc":{"start":{"line":82,"column":26},"end":{"line":84,"column":7}},"line":82},"5":{"name":"(anonymous_5)","decl":{"start":{"line":87,"column":35},"end":{"line":87,"column":36}},"loc":{"start":{"line":87,"column":41},"end":{"line":89,"column":3}},"line":87},"6":{"name":"(anonymous_6)","decl":{"start":{"line":91,"column":43},"end":{"line":91,"column":44}},"loc":{"start":{"line":91,"column":67},"end":{"line":93,"column":3}},"line":91},"7":{"name":"(anonymous_7)","decl":{"start":{"line":95,"column":45},"end":{"line":95,"column":46}},"loc":{"start":{"line":95,"column":51},"end":{"line":97,"column":3}},"line":95},"8":{"name":"(anonymous_8)","decl":{"start":{"line":96,"column":22},"end":{"line":96,"column":23}},"loc":{"start":{"line":96,"column":33},"end":{"line":96,"column":39}},"line":96},"9":{"name":"(anonymous_9)","decl":{"start":{"line":99,"column":39},"end":{"line":99,"column":40}},"loc":{"start":{"line":99,"column":79},"end":{"line":107,"column":3}},"line":99},"10":{"name":"(anonymous_10)","decl":{"start":{"line":109,"column":39},"end":{"line":109,"column":40}},"loc":{"start":{"line":109,"column":57},"end":{"line":111,"column":3}},"line":109},"11":{"name":"(anonymous_11)","decl":{"start":{"line":113,"column":46},"end":{"line":113,"column":47}},"loc":{"start":{"line":113,"column":58},"end":{"line":132,"column":3}},"line":113},"12":{"name":"(anonymous_12)","decl":{"start":{"line":134,"column":38},"end":{"line":134,"column":39}},"loc":{"start":{"line":134,"column":44},"end":{"line":144,"column":3}},"line":134},"13":{"name":"(anonymous_13)","decl":{"start":{"line":136,"column":14},"end":{"line":136,"column":15}},"loc":{"start":{"line":136,"column":28},"end":{"line":136,"column":37}},"line":136},"14":{"name":"(anonymous_14)","decl":{"start":{"line":137,"column":11},"end":{"line":137,"column":12}},"loc":{"start":{"line":137,"column":36},"end":{"line":143,"column":7}},"line":137},"15":{"name":"(anonymous_15)","decl":{"start":{"line":146,"column":40},"end":{"line":146,"column":41}},"loc":{"start":{"line":146,"column":46},"end":{"line":156,"column":3}},"line":146},"16":{"name":"(anonymous_16)","decl":{"start":{"line":148,"column":14},"end":{"line":148,"column":15}},"loc":{"start":{"line":148,"column":28},"end":{"line":148,"column":38}},"line":148},"17":{"name":"(anonymous_17)","decl":{"start":{"line":149,"column":11},"end":{"line":149,"column":12}},"loc":{"start":{"line":149,"column":36},"end":{"line":155,"column":7}},"line":149},"18":{"name":"(anonymous_18)","decl":{"start":{"line":176,"column":26},"end":{"line":176,"column":27}},"loc":{"start":{"line":176,"column":40},"end":{"line":176,"column":51}},"line":176},"19":{"name":"(anonymous_19)","decl":{"start":{"line":177,"column":24},"end":{"line":177,"column":25}},"loc":{"start":{"line":178,"column":14},"end":{"line":186,"column":34}},"line":178},"20":{"name":"(anonymous_20)","decl":{"start":{"line":179,"column":25},"end":{"line":179,"column":26}},"loc":{"start":{"line":179,"column":31},"end":{"line":179,"column":64}},"line":179},"21":{"name":"(anonymous_21)","decl":{"start":{"line":218,"column":39},"end":{"line":218,"column":40}},"loc":{"start":{"line":219,"column":16},"end":{"line":229,"column":23}},"line":219},"22":{"name":"(anonymous_22)","decl":{"start":{"line":224,"column":27},"end":{"line":224,"column":28}},"loc":{"start":{"line":224,"column":33},"end":{"line":224,"column":55}},"line":224},"23":{"name":"(anonymous_23)","decl":{"start":{"line":239,"column":16},"end":{"line":239,"column":17}},"loc":{"start":{"line":240,"column":18},"end":{"line":250,"column":25}},"line":240},"24":{"name":"(anonymous_24)","decl":{"start":{"line":245,"column":29},"end":{"line":245,"column":30}},"loc":{"start":{"line":245,"column":35},"end":{"line":245,"column":57}},"line":245}},"branchMap":{"0":{"loc":{"start":{"line":100,"column":4},"end":{"line":102,"column":5}},"type":"if","locations":[{"start":{"line":100,"column":4},"end":{"line":102,"column":5}},{"start":{"line":100,"column":4},"end":{"line":102,"column":5}}],"line":100},"1":{"loc":{"start":{"line":104,"column":4},"end":{"line":106,"column":5}},"type":"if","locations":[{"start":{"line":104,"column":4},"end":{"line":106,"column":5}},{"start":{"line":104,"column":4},"end":{"line":106,"column":5}}],"line":104},"2":{"loc":{"start":{"line":200,"column":11},"end":{"line":208,"column":11}},"type":"binary-expr","locations":[{"start":{"line":200,"column":11},"end":{"line":200,"column":25}},{"start":{"line":201,"column":12},"end":{"line":207,"column":14}}],"line":200}},"s":{"0":0,"1":0,"2":0,"3":0,"4":0,"5":0,"6":0,"7":0,"8":0,"9":0,"10":0,"11":0,"12":0,"13":0,"14":0,"15":0,"16":0,"17":0,"18":0,"19":0,"20":0,"21":0,"22":0,"23":0,"24":0,"25":0,"26":0,"27":0,"28":0,"29":0,"30":0,"31":0,"32":0,"33":0,"34":0,"35":0,"36":0,"37":0,"38":0,"39":0,"40":0,"41":0,"42":0,"43":0,"44":0,"45":0,"46":0,"47":0,"48":0,"49":0,"50":0,"51":0,"52":0,"53":0,"54":0},"f":{"0":0,"1":0,"2":0,"3":0,"4":0,"5":0,"6":0,"7":0,"8":0,"9":0,"10":0,"11":0,"12":0,"13":0,"14":0,"15":0,"16":0,"17":0,"18":0,"19":0,"20":0,"21":0,"22":0,"23":0,"24":0},"b":{"0":[0,0],"1":[0,0],"2":[0,0]},"hash":"53312ee0a3f22aaedb791ebc5c105acf3d274a51"}
,"/Users/kadusouza/Desenv/bootcamp/11/GoBarber/mobile/src/pages/Dashboard/index.tsx": {"path":"/Users/kadusouza/Desenv/bootcamp/11/GoBarber/mobile/src/pages/Dashboard/index.tsx","statementMap":{"0":{"start":{"line":33,"column":28},"end":{"line":98,"column":1}},"1":{"start":{"line":34,"column":36},"end":{"line":34,"column":60}},"2":{"start":{"line":35,"column":19},"end":{"line":35,"column":28}},"3":{"start":{"line":36,"column":23},"end":{"line":36,"column":38}},"4":{"start":{"line":38,"column":2},"end":{"line":42,"column":9}},"5":{"start":{"line":39,"column":4},"end":{"line":41,"column":7}},"6":{"start":{"line":40,"column":6},"end":{"line":40,"column":34}},"7":{"start":{"line":44,"column":28},"end":{"line":46,"column":16}},"8":{"start":{"line":45,"column":4},"end":{"line":45,"column":24}},"9":{"start":{"line":48,"column":38},"end":{"line":53,"column":3}},"10":{"start":{"line":50,"column":6},"end":{"line":50,"column":52}},"11":{"start":{"line":55,"column":2},"end":{"line":97,"column":4}},"12":{"start":{"line":70,"column":36},"end":{"line":70,"column":47}},"13":{"start":{"line":75,"column":10},"end":{"line":93,"column":30}},"14":{"start":{"line":76,"column":27},"end":{"line":76,"column":67}}},"fnMap":{"0":{"name":"(anonymous_0)","decl":{"start":{"line":33,"column":28},"end":{"line":33,"column":29}},"loc":{"start":{"line":33,"column":34},"end":{"line":98,"column":1}},"line":33},"1":{"name":"(anonymous_1)","decl":{"start":{"line":38,"column":12},"end":{"line":38,"column":13}},"loc":{"start":{"line":38,"column":18},"end":{"line":42,"column":3}},"line":38},"2":{"name":"(anonymous_2)","decl":{"start":{"line":39,"column":30},"end":{"line":39,"column":31}},"loc":{"start":{"line":39,"column":44},"end":{"line":41,"column":5}},"line":39},"3":{"name":"(anonymous_3)","decl":{"start":{"line":44,"column":40},"end":{"line":44,"column":41}},"loc":{"start":{"line":44,"column":46},"end":{"line":46,"column":3}},"line":44},"4":{"name":"(anonymous_4)","decl":{"start":{"line":49,"column":4},"end":{"line":49,"column":5}},"loc":{"start":{"line":49,"column":28},"end":{"line":51,"column":5}},"line":49},"5":{"name":"(anonymous_5)","decl":{"start":{"line":70,"column":22},"end":{"line":70,"column":23}},"loc":{"start":{"line":70,"column":36},"end":{"line":70,"column":47}},"line":70},"6":{"name":"(anonymous_6)","decl":{"start":{"line":74,"column":20},"end":{"line":74,"column":21}},"loc":{"start":{"line":75,"column":10},"end":{"line":93,"column":30}},"line":75},"7":{"name":"(anonymous_7)","decl":{"start":{"line":76,"column":21},"end":{"line":76,"column":22}},"loc":{"start":{"line":76,"column":27},"end":{"line":76,"column":67}},"line":76}},"branchMap":{},"s":{"0":0,"1":0,"2":0,"3":0,"4":0,"5":0,"6":0,"7":0,"8":0,"9":0,"10":0,"11":0,"12":0,"13":0,"14":0},"f":{"0":0,"1":0,"2":0,"3":0,"4":0,"5":0,"6":0,"7":0},"b":{},"hash":"9974bf8a0e6c40d613747119e8d9a745a996e323"}
,"/Users/kadusouza/Desenv/bootcamp/11/GoBarber/mobile/src/pages/Profile/index.tsx": {"path":"/Users/kadusouza/Desenv/bootcamp/11/GoBarber/mobile/src/pages/Profile/index.tsx","statementMap":{"0":{"start":{"line":40,"column":26},"end":{"line":262,"column":1}},"1":{"start":{"line":41,"column":31},"end":{"line":41,"column":40}},"2":{"start":{"line":43,"column":18},"end":{"line":43,"column":43}},"3":{"start":{"line":44,"column":21},"end":{"line":44,"column":36}},"4":{"start":{"line":46,"column":24},"end":{"line":46,"column":47}},"5":{"start":{"line":47,"column":30},"end":{"line":47,"column":53}},"6":{"start":{"line":48,"column":27},"end":{"line":48,"column":50}},"7":{"start":{"line":49,"column":34},"end":{"line":49,"column":57}},"8":{"start":{"line":51,"column":23},"end":{"line":123,"column":3}},"9":{"start":{"line":53,"column":6},"end":{"line":120,"column":7}},"10":{"start":{"line":54,"column":8},"end":{"line":54,"column":39}},"11":{"start":{"line":56,"column":23},"end":{"line":74,"column":10}},"12":{"start":{"line":63,"column":25},"end":{"line":63,"column":37}},"13":{"start":{"line":69,"column":27},"end":{"line":69,"column":39}},"14":{"start":{"line":76,"column":8},"end":{"line":78,"column":11}},"15":{"start":{"line":86,"column":12},"end":{"line":86,"column":16}},"16":{"start":{"line":88,"column":25},"end":{"line":98,"column":9}},"17":{"start":{"line":100,"column":25},"end":{"line":100,"column":60}},"18":{"start":{"line":102,"column":8},"end":{"line":102,"column":34}},"19":{"start":{"line":104,"column":8},"end":{"line":104,"column":54}},"20":{"start":{"line":106,"column":8},"end":{"line":106,"column":28}},"21":{"start":{"line":108,"column":8},"end":{"line":114,"column":9}},"22":{"start":{"line":109,"column":25},"end":{"line":109,"column":49}},"23":{"start":{"line":111,"column":10},"end":{"line":111,"column":45}},"24":{"start":{"line":113,"column":10},"end":{"line":113,"column":17}},"25":{"start":{"line":116,"column":8},"end":{"line":119,"column":10}},"26":{"start":{"line":125,"column":29},"end":{"line":156,"column":27}},"27":{"start":{"line":126,"column":4},"end":{"line":155,"column":6}},"28":{"start":{"line":134,"column":8},"end":{"line":136,"column":9}},"29":{"start":{"line":135,"column":10},"end":{"line":135,"column":17}},"30":{"start":{"line":138,"column":8},"end":{"line":141,"column":9}},"31":{"start":{"line":139,"column":10},"end":{"line":139,"column":55}},"32":{"start":{"line":140,"column":10},"end":{"line":140,"column":17}},"33":{"start":{"line":143,"column":21},"end":{"line":143,"column":35}},"34":{"start":{"line":145,"column":8},"end":{"line":149,"column":11}},"35":{"start":{"line":151,"column":8},"end":{"line":153,"column":11}},"36":{"start":{"line":152,"column":10},"end":{"line":152,"column":39}},"37":{"start":{"line":158,"column":23},"end":{"line":160,"column":18}},"38":{"start":{"line":159,"column":4},"end":{"line":159,"column":24}},"39":{"start":{"line":162,"column":2},"end":{"line":261,"column":4}},"40":{"start":{"line":192,"column":18},"end":{"line":192,"column":49}},"41":{"start":{"line":205,"column":18},"end":{"line":205,"column":55}},"42":{"start":{"line":219,"column":18},"end":{"line":219,"column":52}},"43":{"start":{"line":232,"column":18},"end":{"line":232,"column":59}},"44":{"start":{"line":245,"column":18},"end":{"line":245,"column":48}},"45":{"start":{"line":251,"column":18},"end":{"line":251,"column":48}}},"fnMap":{"0":{"name":"(anonymous_0)","decl":{"start":{"line":40,"column":26},"end":{"line":40,"column":27}},"loc":{"start":{"line":40,"column":32},"end":{"line":262,"column":1}},"line":40},"1":{"name":"(anonymous_1)","decl":{"start":{"line":52,"column":4},"end":{"line":52,"column":5}},"loc":{"start":{"line":52,"column":37},"end":{"line":121,"column":5}},"line":52},"2":{"name":"(anonymous_2)","decl":{"start":{"line":63,"column":16},"end":{"line":63,"column":17}},"loc":{"start":{"line":63,"column":25},"end":{"line":63,"column":37}},"line":63},"3":{"name":"(anonymous_3)","decl":{"start":{"line":69,"column":18},"end":{"line":69,"column":19}},"loc":{"start":{"line":69,"column":27},"end":{"line":69,"column":39}},"line":69},"4":{"name":"(anonymous_4)","decl":{"start":{"line":125,"column":41},"end":{"line":125,"column":42}},"loc":{"start":{"line":125,"column":47},"end":{"line":156,"column":3}},"line":125},"5":{"name":"(anonymous_5)","decl":{"start":{"line":133,"column":6},"end":{"line":133,"column":7}},"loc":{"start":{"line":133,"column":20},"end":{"line":154,"column":7}},"line":133},"6":{"name":"(anonymous_6)","decl":{"start":{"line":151,"column":45},"end":{"line":151,"column":46}},"loc":{"start":{"line":151,"column":62},"end":{"line":153,"column":9}},"line":151},"7":{"name":"(anonymous_7)","decl":{"start":{"line":158,"column":35},"end":{"line":158,"column":36}},"loc":{"start":{"line":158,"column":41},"end":{"line":160,"column":3}},"line":158},"8":{"name":"(anonymous_8)","decl":{"start":{"line":191,"column":33},"end":{"line":191,"column":34}},"loc":{"start":{"line":191,"column":39},"end":{"line":193,"column":17}},"line":191},"9":{"name":"(anonymous_9)","decl":{"start":{"line":204,"column":33},"end":{"line":204,"column":34}},"loc":{"start":{"line":204,"column":39},"end":{"line":206,"column":17}},"line":204},"10":{"name":"(anonymous_10)","decl":{"start":{"line":218,"column":33},"end":{"line":218,"column":34}},"loc":{"start":{"line":218,"column":39},"end":{"line":220,"column":17}},"line":218},"11":{"name":"(anonymous_11)","decl":{"start":{"line":231,"column":33},"end":{"line":231,"column":34}},"loc":{"start":{"line":231,"column":39},"end":{"line":233,"column":17}},"line":231},"12":{"name":"(anonymous_12)","decl":{"start":{"line":244,"column":33},"end":{"line":244,"column":34}},"loc":{"start":{"line":244,"column":39},"end":{"line":246,"column":17}},"line":244},"13":{"name":"(anonymous_13)","decl":{"start":{"line":250,"column":25},"end":{"line":250,"column":26}},"loc":{"start":{"line":250,"column":31},"end":{"line":252,"column":17}},"line":250}},"branchMap":{"0":{"loc":{"start":{"line":91,"column":14},"end":{"line":97,"column":16}},"type":"cond-expr","locations":[{"start":{"line":92,"column":14},"end":{"line":96,"column":15}},{"start":{"line":97,"column":14},"end":{"line":97,"column":16}}],"line":91},"1":{"loc":{"start":{"line":108,"column":8},"end":{"line":114,"column":9}},"type":"if","locations":[{"start":{"line":108,"column":8},"end":{"line":114,"column":9}},{"start":{"line":108,"column":8},"end":{"line":114,"column":9}}],"line":108},"2":{"loc":{"start":{"line":134,"column":8},"end":{"line":136,"column":9}},"type":"if","locations":[{"start":{"line":134,"column":8},"end":{"line":136,"column":9}},{"start":{"line":134,"column":8},"end":{"line":136,"column":9}}],"line":134},"3":{"loc":{"start":{"line":138,"column":8},"end":{"line":141,"column":9}},"type":"if","locations":[{"start":{"line":138,"column":8},"end":{"line":141,"column":9}},{"start":{"line":138,"column":8},"end":{"line":141,"column":9}}],"line":138},"4":{"loc":{"start":{"line":166,"column":18},"end":{"line":166,"column":63}},"type":"cond-expr","locations":[{"start":{"line":166,"column":42},"end":{"line":166,"column":51}},{"start":{"line":166,"column":54},"end":{"line":166,"column":63}}],"line":166}},"s":{"0":0,"1":0,"2":0,"3":0,"4":0,"5":0,"6":0,"7":0,"8":0,"9":0,"10":0,"11":0,"12":0,"13":0,"14":0,"15":0,"16":0,"17":0,"18":0,"19":0,"20":0,"21":0,"22":0,"23":0,"24":0,"25":0,"26":0,"27":0,"28":0,"29":0,"30":0,"31":0,"32":0,"33":0,"34":0,"35":0,"36":0,"37":0,"38":0,"39":0,"40":0,"41":0,"42":0,"43":0,"44":0,"45":0},"f":{"0":0,"1":0,"2":0,"3":0,"4":0,"5":0,"6":0,"7":0,"8":0,"9":0,"10":0,"11":0,"12":0,"13":0},"b":{"0":[0,0],"1":[0,0],"2":[0,0],"3":[0,0],"4":[0,0]},"hash":"82c45ac1e7c5d585db8a8a2d3a47a467270ca76e"}
,"/Users/kadusouza/Desenv/bootcamp/11/GoBarber/mobile/src/pages/SignIn/index.tsx": {"path":"/Users/kadusouza/Desenv/bootcamp/11/GoBarber/mobile/src/pages/SignIn/index.tsx","statementMap":{"0":{"start":{"line":41,"column":25},"end":{"line":154,"column":1}},"1":{"start":{"line":42,"column":18},"end":{"line":42,"column":43}},"2":{"start":{"line":43,"column":27},"end":{"line":43,"column":50}},"3":{"start":{"line":45,"column":21},"end":{"line":45,"column":36}},"4":{"start":{"line":47,"column":21},"end":{"line":47,"column":30}},"5":{"start":{"line":49,"column":23},"end":{"line":87,"column":3}},"6":{"start":{"line":51,"column":6},"end":{"line":84,"column":7}},"7":{"start":{"line":52,"column":8},"end":{"line":52,"column":39}},"8":{"start":{"line":54,"column":23},"end":{"line":59,"column":10}},"9":{"start":{"line":61,"column":8},"end":{"line":63,"column":11}},"10":{"start":{"line":65,"column":8},"end":{"line":68,"column":11}},"11":{"start":{"line":72,"column":8},"end":{"line":78,"column":9}},"12":{"start":{"line":73,"column":25},"end":{"line":73,"column":49}},"13":{"start":{"line":75,"column":10},"end":{"line":75,"column":45}},"14":{"start":{"line":77,"column":10},"end":{"line":77,"column":17}},"15":{"start":{"line":80,"column":8},"end":{"line":83,"column":10}},"16":{"start":{"line":89,"column":2},"end":{"line":153,"column":4}},"17":{"start":{"line":117,"column":18},"end":{"line":117,"column":52}},"18":{"start":{"line":128,"column":18},"end":{"line":128,"column":48}},"19":{"start":{"line":134,"column":18},"end":{"line":134,"column":48}},"20":{"start":{"line":148,"column":42},"end":{"line":148,"column":71}}},"fnMap":{"0":{"name":"(anonymous_0)","decl":{"start":{"line":41,"column":25},"end":{"line":41,"column":26}},"loc":{"start":{"line":41,"column":31},"end":{"line":154,"column":1}},"line":41},"1":{"name":"(anonymous_1)","decl":{"start":{"line":50,"column":4},"end":{"line":50,"column":5}},"loc":{"start":{"line":50,"column":36},"end":{"line":85,"column":5}},"line":50},"2":{"name":"(anonymous_2)","decl":{"start":{"line":116,"column":33},"end":{"line":116,"column":34}},"loc":{"start":{"line":116,"column":39},"end":{"line":118,"column":17}},"line":116},"3":{"name":"(anonymous_3)","decl":{"start":{"line":127,"column":33},"end":{"line":127,"column":34}},"loc":{"start":{"line":127,"column":39},"end":{"line":129,"column":17}},"line":127},"4":{"name":"(anonymous_4)","decl":{"start":{"line":133,"column":25},"end":{"line":133,"column":26}},"loc":{"start":{"line":133,"column":31},"end":{"line":135,"column":17}},"line":133},"5":{"name":"(anonymous_5)","decl":{"start":{"line":141,"column":37},"end":{"line":141,"column":38}},"loc":{"start":{"line":141,"column":43},"end":{"line":141,"column":45}},"line":141},"6":{"name":"(anonymous_6)","decl":{"start":{"line":148,"column":36},"end":{"line":148,"column":37}},"loc":{"start":{"line":148,"column":42},"end":{"line":148,"column":71}},"line":148}},"branchMap":{"0":{"loc":{"start":{"line":72,"column":8},"end":{"line":78,"column":9}},"type":"if","locations":[{"start":{"line":72,"column":8},"end":{"line":78,"column":9}},{"start":{"line":72,"column":8},"end":{"line":78,"column":9}}],"line":72},"1":{"loc":{"start":{"line":93,"column":18},"end":{"line":93,"column":63}},"type":"cond-expr","locations":[{"start":{"line":93,"column":42},"end":{"line":93,"column":51}},{"start":{"line":93,"column":54},"end":{"line":93,"column":63}}],"line":93}},"s":{"0":1,"1":1,"2":1,"3":1,"4":1,"5":1,"6":0,"7":0,"8":0,"9":0,"10":0,"11":0,"12":0,"13":0,"14":0,"15":0,"16":1,"17":0,"18":0,"19":0,"20":0},"f":{"0":1,"1":0,"2":0,"3":0,"4":0,"5":0,"6":0},"b":{"0":[0,0],"1":[1,0]},"_coverageSchema":"43e27e138ebf9cfc5966b082cf9a028302ed4184","hash":"eef3711ce97bbd9b0290a4b71f56630e9e329f5c"}
,"/Users/kadusouza/Desenv/bootcamp/11/GoBarber/mobile/src/pages/SignUp/index.tsx": {"path":"/Users/kadusouza/Desenv/bootcamp/11/GoBarber/mobile/src/pages/SignUp/index.tsx","statementMap":{"0":{"start":{"line":33,"column":25},"end":{"line":157,"column":1}},"1":{"start":{"line":34,"column":18},"end":{"line":34,"column":43}},"2":{"start":{"line":35,"column":21},"end":{"line":35,"column":36}},"3":{"start":{"line":37,"column":24},"end":{"line":37,"column":47}},"4":{"start":{"line":38,"column":27},"end":{"line":38,"column":50}},"5":{"start":{"line":40,"column":23},"end":{"line":81,"column":3}},"6":{"start":{"line":42,"column":6},"end":{"line":78,"column":7}},"7":{"start":{"line":43,"column":8},"end":{"line":43,"column":39}},"8":{"start":{"line":45,"column":23},"end":{"line":51,"column":10}},"9":{"start":{"line":53,"column":8},"end":{"line":55,"column":11}},"10":{"start":{"line":57,"column":8},"end":{"line":57,"column":39}},"11":{"start":{"line":59,"column":8},"end":{"line":62,"column":10}},"12":{"start":{"line":64,"column":8},"end":{"line":64,"column":28}},"13":{"start":{"line":66,"column":8},"end":{"line":72,"column":9}},"14":{"start":{"line":67,"column":25},"end":{"line":67,"column":49}},"15":{"start":{"line":69,"column":10},"end":{"line":69,"column":45}},"16":{"start":{"line":71,"column":10},"end":{"line":71,"column":17}},"17":{"start":{"line":74,"column":8},"end":{"line":77,"column":10}},"18":{"start":{"line":83,"column":2},"end":{"line":156,"column":4}},"19":{"start":{"line":109,"column":18},"end":{"line":109,"column":49}},"20":{"start":{"line":122,"column":18},"end":{"line":122,"column":52}},"21":{"start":{"line":135,"column":18},"end":{"line":135,"column":48}},"22":{"start":{"line":141,"column":18},"end":{"line":141,"column":48}},"23":{"start":{"line":151,"column":35},"end":{"line":151,"column":54}}},"fnMap":{"0":{"name":"(anonymous_0)","decl":{"start":{"line":33,"column":25},"end":{"line":33,"column":26}},"loc":{"start":{"line":33,"column":31},"end":{"line":157,"column":1}},"line":33},"1":{"name":"(anonymous_1)","decl":{"start":{"line":41,"column":4},"end":{"line":41,"column":5}},"loc":{"start":{"line":41,"column":36},"end":{"line":79,"column":5}},"line":41},"2":{"name":"(anonymous_2)","decl":{"start":{"line":108,"column":33},"end":{"line":108,"column":34}},"loc":{"start":{"line":108,"column":39},"end":{"line":110,"column":17}},"line":108},"3":{"name":"(anonymous_3)","decl":{"start":{"line":121,"column":33},"end":{"line":121,"column":34}},"loc":{"start":{"line":121,"column":39},"end":{"line":123,"column":17}},"line":121},"4":{"name":"(anonymous_4)","decl":{"start":{"line":134,"column":33},"end":{"line":134,"column":34}},"loc":{"start":{"line":134,"column":39},"end":{"line":136,"column":17}},"line":134},"5":{"name":"(anonymous_5)","decl":{"start":{"line":140,"column":25},"end":{"line":140,"column":26}},"loc":{"start":{"line":140,"column":31},"end":{"line":142,"column":17}},"line":140},"6":{"name":"(anonymous_6)","decl":{"start":{"line":151,"column":29},"end":{"line":151,"column":30}},"loc":{"start":{"line":151,"column":35},"end":{"line":151,"column":54}},"line":151}},"branchMap":{"0":{"loc":{"start":{"line":66,"column":8},"end":{"line":72,"column":9}},"type":"if","locations":[{"start":{"line":66,"column":8},"end":{"line":72,"column":9}},{"start":{"line":66,"column":8},"end":{"line":72,"column":9}}],"line":66},"1":{"loc":{"start":{"line":87,"column":18},"end":{"line":87,"column":63}},"type":"cond-expr","locations":[{"start":{"line":87,"column":42},"end":{"line":87,"column":51}},{"start":{"line":87,"column":54},"end":{"line":87,"column":63}}],"line":87}},"s":{"0":0,"1":0,"2":0,"3":0,"4":0,"5":0,"6":0,"7":0,"8":0,"9":0,"10":0,"11":0,"12":0,"13":0,"14":0,"15":0,"16":0,"17":0,"18":0,"19":0,"20":0,"21":0,"22":0,"23":0},"f":{"0":0,"1":0,"2":0,"3":0,"4":0,"5":0,"6":0},"b":{"0":[0,0],"1":[0,0]},"hash":"a95ce89417059a111507af5474f91620f5296156"}
}
